<?xml version="1.0" encoding="UTF-8"?>
<TestRun id="3c539c1d-d2c8-4271-9a04-ef985148518e" name="fatbudy@BUDY 2015-10-07 10:07:46" runUser="BUDY\fatbudy" xmlns="http://microsoft.com/schemas/VisualStudio/TeamTest/2010">
  <TestSettings name="本地" id="1070b683-45f9-40e1-b162-9bd7c838079f">
    <Description>这些设置为本地测试运行的默认测试设置。</Description>
    <Deployment enabled="false" runDeploymentRoot="fatbudy_BUDY 2015-10-07 10_07_46">
      <DeploymentItem filename="D:\Projects\C#\DBLLv4.0\mssql\bin\Debug\MSSQL.dll" />
      <DeploymentItem filename="D:\Projects\C#\DBLLv4.0\idblink\bin\Debug\idblink.dll" />
      <DeploymentItem filename="D:\Projects\C#\汽车用品管理系统\dbl\bin\Debug\dbl.dll" />
      <DeploymentItem filename="D:\Projects\C#\DBLLv4.0\dbll3.0\bin\Debug\dbll3.0.dll" />
    </Deployment>
    <Execution>
      <TestTypeSpecific />
      <AgentRule name="Execution Agents">
      </AgentRule>
    </Execution>
  </TestSettings>
  <Times creation="2015-10-07T10:07:46.5350797+08:00" queuing="2015-10-07T10:07:47.9295013+08:00" start="2015-10-07T10:07:48.1285139+08:00" finish="2015-10-07T10:07:59.9972835+08:00" />
  <ResultSummary outcome="Error">
    <Counters total="1" executed="1" error="0" failed="0" timeout="0" aborted="1" inconclusive="0" passedButRunAborted="0" notRunnable="0" notExecuted="0" disconnected="0" warning="0" passed="0" completed="0" inProgress="0" pending="0" />
    <RunInfos>
      <RunInfo computerName="BUDY" outcome="Warning" timestamp="2015-10-07T10:07:46.6170838+08:00">
        <Text>当前已禁用部署。未部署测试“TestProject1.DBLClassTest.CompParamCountTest”中的部署项“dbl.dll”。</Text>
      </RunInfo>
      <RunInfo computerName="BUDY" outcome="Error" timestamp="2015-10-07T10:07:59.9952827+08:00">
        <Text>测试宿主进程意外退出。</Text>
      </RunInfo>
    </RunInfos>
  </ResultSummary>
  <TestDefinitions>
    <UnitTest name="CompParamCountTest" storage="d:\projects\c#\汽车用品管理系统\testproject1\bin\debug\testproject1.dll" id="93fc1d27-865a-f63b-49b8-af2a2335a2f8">
      <DeploymentItems>
        <DeploymentItem filename="dbl.dll" />
      </DeploymentItems>
      <Execution id="21264819-5187-4e1a-8276-b6678fee63e0" />
      <TestMethod codeBase="D:/Projects/C#/汽车用品管理系统/TestProject1/bin/Debug/TestProject1.DLL" adapterTypeName="Microsoft.VisualStudio.TestTools.TestTypes.Unit.UnitTestAdapter, Microsoft.VisualStudio.QualityTools.Tips.UnitTest.Adapter, Version=10.0.0.0, Culture=neutral, PublicKeyToken=b03f5f7f11d50a3a" className="TestProject1.DBLClassTest, TestProject1, Version=1.0.0.0, Culture=neutral, PublicKeyToken=null" name="CompParamCountTest" />
    </UnitTest>
  </TestDefinitions>
  <TestLists>
    <TestList name="列表中未列出的结果" id="8c84fa94-04c1-424b-9868-57a2d4851a1d" />
    <TestList name="所有已加载的结果" id="19431567-8539-422a-85d7-44ee4e166bda" />
  </TestLists>
  <TestEntries>
    <TestEntry testId="93fc1d27-865a-f63b-49b8-af2a2335a2f8" executionId="21264819-5187-4e1a-8276-b6678fee63e0" testListId="8c84fa94-04c1-424b-9868-57a2d4851a1d" />
  </TestEntries>
  <Results>
    <UnitTestResult executionId="21264819-5187-4e1a-8276-b6678fee63e0" testId="93fc1d27-865a-f63b-49b8-af2a2335a2f8" testName="CompParamCountTest" computerName="BUDY" duration="00:00:11.7837660" startTime="2015-10-07T10:07:48.2135175+08:00" endTime="2015-10-07T10:07:59.9972835+08:00" testType="13cdc9d9-ddb5-4fa4-a97d-d965ccfc6d4b" outcome="Aborted" testListId="8c84fa94-04c1-424b-9868-57a2d4851a1d" relativeResultsDirectory="21264819-5187-4e1a-8276-b6678fee63e0">
    </UnitTestResult>
  </Results>
</TestRun>