<?xml version="1.0" encoding="UTF-8"?>
<TestRun id="00457632-21c6-4851-af02-3d59d3eb9ffb" name="fatbudy@BUDY 2015-10-07 10:08:07" runUser="BUDY\fatbudy" xmlns="http://microsoft.com/schemas/VisualStudio/TeamTest/2010">
  <TestSettings name="本地" id="1070b683-45f9-40e1-b162-9bd7c838079f">
    <Description>这些设置为本地测试运行的默认测试设置。</Description>
    <Deployment enabled="false" runDeploymentRoot="fatbudy_BUDY 2015-10-07 10_08_07">
      <DeploymentItem filename="D:\Projects\C#\DBLLv4.0\mssql\bin\Debug\MSSQL.dll" />
      <DeploymentItem filename="D:\Projects\C#\DBLLv4.0\idblink\bin\Debug\idblink.dll" />
      <DeploymentItem filename="D:\Projects\C#\汽车用品管理系统\dbl\bin\Debug\dbl.dll" />
      <DeploymentItem filename="D:\Projects\C#\DBLLv4.0\dbll3.0\bin\Debug\dbll3.0.dll" />
    </Deployment>
    <Execution>
      <TestTypeSpecific />
      <AgentRule name="Execution Agents">
      </AgentRule>
    </Execution>
  </TestSettings>
  <Times creation="2015-10-07T10:08:07.8752580+08:00" queuing="2015-10-07T10:08:09.3952486+08:00" start="2015-10-07T10:08:09.6132616+08:00" finish="2015-10-07T10:08:11.3661616+08:00" />
  <ResultSummary outcome="Warning">
    <Counters total="1" executed="1" passed="1" error="0" failed="0" timeout="0" aborted="0" inconclusive="0" passedButRunAborted="0" notRunnable="0" notExecuted="0" disconnected="0" warning="0" completed="0" inProgress="0" pending="0" />
    <RunInfos>
      <RunInfo computerName="BUDY" outcome="Warning" timestamp="2015-10-07T10:08:07.9668126+08:00">
        <Text>当前已禁用部署。未部署测试“TestProject1.DBLClassTest.CompParamCountTest”中的部署项“dbl.dll”。</Text>
      </RunInfo>
    </RunInfos>
  </ResultSummary>
  <TestDefinitions>
    <UnitTest name="CompParamCountTest" storage="d:\projects\c#\汽车用品管理系统\testproject1\bin\debug\testproject1.dll" id="93fc1d27-865a-f63b-49b8-af2a2335a2f8">
      <DeploymentItems>
        <DeploymentItem filename="dbl.dll" />
      </DeploymentItems>
      <Execution id="71d45f50-70c9-4c1e-86aa-c3db3701524b" />
      <TestMethod codeBase="D:/Projects/C#/汽车用品管理系统/TestProject1/bin/Debug/TestProject1.DLL" adapterTypeName="Microsoft.VisualStudio.TestTools.TestTypes.Unit.UnitTestAdapter, Microsoft.VisualStudio.QualityTools.Tips.UnitTest.Adapter, Version=10.0.0.0, Culture=neutral, PublicKeyToken=b03f5f7f11d50a3a" className="TestProject1.DBLClassTest, TestProject1, Version=1.0.0.0, Culture=neutral, PublicKeyToken=null" name="CompParamCountTest" />
    </UnitTest>
  </TestDefinitions>
  <TestLists>
    <TestList name="列表中未列出的结果" id="8c84fa94-04c1-424b-9868-57a2d4851a1d" />
    <TestList name="所有已加载的结果" id="19431567-8539-422a-85d7-44ee4e166bda" />
  </TestLists>
  <TestEntries>
    <TestEntry testId="93fc1d27-865a-f63b-49b8-af2a2335a2f8" executionId="71d45f50-70c9-4c1e-86aa-c3db3701524b" testListId="8c84fa94-04c1-424b-9868-57a2d4851a1d" />
  </TestEntries>
  <Results>
    <UnitTestResult executionId="71d45f50-70c9-4c1e-86aa-c3db3701524b" testId="93fc1d27-865a-f63b-49b8-af2a2335a2f8" testName="CompParamCountTest" computerName="BUDY" duration="00:00:00.0932210" startTime="2015-10-07T10:08:09.8962767+08:00" endTime="2015-10-07T10:08:11.2731557+08:00" testType="13cdc9d9-ddb5-4fa4-a97d-d965ccfc6d4b" outcome="Passed" testListId="8c84fa94-04c1-424b-9868-57a2d4851a1d" relativeResultsDirectory="71d45f50-70c9-4c1e-86aa-c3db3701524b">
    </UnitTestResult>
  </Results>
</TestRun>